<?xml version="1.0" encoding="UTF-8"?>
<!-- Generated by org.testng.reporters.JUnitReportReporter -->
<testsuite hostname="DhananjayP-PC" failures="0" tests="6" name="Day_38_Parameterization.copy.xml_parameterization" time="0.332" errors="0" timestamp="2023-11-24T15:02:33 IST" skipped="0">
  <testcase classname="Day_38_Parameterization.copy.xml_parameterization" name="testLogo" time="0.065"/>
  <testcase classname="Day_38_Parameterization.copy.xml_parameterization" name="testLogo" time="0.101"/>
  <testcase classname="Day_38_Parameterization.copy.xml_parameterization" name="testLogo" time="0.094"/>
  <testcase classname="Day_38_Parameterization.copy.xml_parameterization" name="testTitle" time="0.052"/>
  <testcase classname="Day_38_Parameterization.copy.xml_parameterization" name="testTitle" time="0.010"/>
  <testcase classname="Day_38_Parameterization.copy.xml_parameterization" name="testTitle" time="0.010"/>
</testsuite> <!-- Day_38_Parameterization.copy.xml_parameterization -->
