<?xml version="1.0" encoding="UTF-8"?>
<!-- Generated by org.testng.reporters.JUnitReportReporter -->
<testsuite hostname="DhananjayP-PC" failures="0" tests="5" name="Day_38_Parameterization.copy.InnovationMethod" time="0.014" errors="0" timestamp="2023-11-24T15:04:51 IST" skipped="0">
  <testcase classname="Day_38_Parameterization.copy.InnovationMethod" name="test" time="0.001"/>
  <testcase classname="Day_38_Parameterization.copy.InnovationMethod" name="test" time="0.009"/>
  <testcase classname="Day_38_Parameterization.copy.InnovationMethod" name="test" time="0.001"/>
  <testcase classname="Day_38_Parameterization.copy.InnovationMethod" name="test" time="0.002"/>
  <testcase classname="Day_38_Parameterization.copy.InnovationMethod" name="test" time="0.001"/>
</testsuite> <!-- Day_38_Parameterization.copy.InnovationMethod -->
