<?xml version="1.0" encoding="UTF-8"?>
<!-- Generated by org.testng.reporters.JUnitReportReporter -->
<testsuite hostname="DhananjayP-PC" failures="0" tests="3" name="Day_37_Grouping.GroupingDemo" time="0.011" errors="0" timestamp="2023-11-23T21:33:49 IST" skipped="0">
  <testcase classname="Day_37_Grouping.GroupingDemo" name="loginByfacebook" time="0.008"/>
  <testcase classname="Day_37_Grouping.GroupingDemo" name="loginBytwitter" time="0.001"/>
  <testcase classname="Day_37_Grouping.GroupingDemo" name="paymentBydoller" time="0.002"/>
</testsuite> <!-- Day_37_Grouping.GroupingDemo -->
