<?xml version="1.0" encoding="UTF-8"?>
<!-- Generated by org.testng.reporters.JUnitReportReporter -->
<testsuite hostname="DhananjayP-PC" failures="0" tests="2" name="Day_37_Grouping.DataProviderDemo" time="11.272" errors="0" timestamp="2023-11-24T11:07:01 IST" skipped="0">
  <testcase classname="Day_37_Grouping.DataProviderDemo" name="testLogin" time="6.027"/>
  <testcase classname="Day_37_Grouping.DataProviderDemo" name="testLogin" time="5.245"/>
</testsuite> <!-- Day_37_Grouping.DataProviderDemo -->
