<?xml version="1.0" encoding="UTF-8"?>
<!-- Generated by org.testng.reporters.JUnitReportReporter -->
<testsuite hostname="DhananjayP-PC" failures="0" tests="6" name="Day_37_Parameterization.xml_parameterization" time="0.541" errors="0" timestamp="2023-11-24T14:59:57 IST" skipped="0">
  <testcase classname="Day_37_Parameterization.xml_parameterization" name="testLogo" time="0.066"/>
  <testcase classname="Day_37_Parameterization.xml_parameterization" name="testLogo" time="0.300"/>
  <testcase classname="Day_37_Parameterization.xml_parameterization" name="testLogo" time="0.116"/>
  <testcase classname="Day_37_Parameterization.xml_parameterization" name="testTitle" time="0.016"/>
  <testcase classname="Day_37_Parameterization.xml_parameterization" name="testTitle" time="0.032"/>
  <testcase classname="Day_37_Parameterization.xml_parameterization" name="testTitle" time="0.011"/>
</testsuite> <!-- Day_37_Parameterization.xml_parameterization -->
