<?xml version="1.0" encoding="UTF-8"?>
<!-- Generated by org.testng.reporters.JUnitReportReporter -->
<testsuite hostname="DhananjayP-PC" failures="0" tests="4" name="Day_36.pack1.DBTest2" time="0.006" errors="0" timestamp="2023-11-22T21:38:26 IST" skipped="0">
  <testcase classname="Day_36.pack1.DBTest2" name="test_select" time="0.002"/>
  <testcase classname="Day_36.pack1.DBTest2" name="test_select" time="0.002"/>
  <testcase classname="Day_36.pack1.DBTest2" name="test_delete" time="0.000"/>
  <testcase classname="Day_36.pack1.DBTest2" name="test_delete" time="0.002"/>
</testsuite> <!-- Day_36.pack1.DBTest2 -->
