<?xml version="1.0" encoding="UTF-8"?>
<!-- Generated by org.testng.reporters.JUnitReportReporter -->
<testsuite hostname="DhananjayP-PC" failures="0" tests="4" name="Day_36.pack1.DBTest1" time="0.008" errors="0" timestamp="2023-11-22T21:38:26 IST" skipped="0">
  <testcase classname="Day_36.pack1.DBTest1" name="test_insert" time="0.004"/>
  <testcase classname="Day_36.pack1.DBTest1" name="test_insert" time="0.001"/>
  <testcase classname="Day_36.pack1.DBTest1" name="test_update" time="0.001"/>
  <testcase classname="Day_36.pack1.DBTest1" name="test_update" time="0.002"/>
</testsuite> <!-- Day_36.pack1.DBTest1 -->
