<?xml version="1.0" encoding="UTF-8"?>
<!-- Generated by org.testng.reporters.JUnitReportReporter -->
<testsuite hostname="DhananjayP-PC" failures="0" tests="2" name="Day_36_Annotation.First_Test_Case" time="0.011" errors="0" timestamp="2023-11-07T11:46:58 IST" skipped="0">
  <testcase classname="Day_36_Annotation.First_Test_Case" name="search" time="0.010"/>
  <testcase classname="Day_36_Annotation.First_Test_Case" name="advserache" time="0.001"/>
</testsuite> <!-- Day_36_Annotation.First_Test_Case -->
