<?xml version="1.0" encoding="UTF-8"?>
<!-- Generated by org.testng.reporters.JUnitReportReporter -->
<testsuite hostname="DhananjayP-PC" failures="0" tests="4" name="Day_34_TestNG.First_Test_Case" time="0.014" errors="0" timestamp="2023-11-04T21:11:20 IST" skipped="0">
  <testcase classname="Day_34_TestNG.First_Test_Case" name="closedapp" time="0.009"/>
  <testcase classname="Day_34_TestNG.First_Test_Case" name="logout" time="0.002"/>
  <testcase classname="Day_34_TestNG.First_Test_Case" name="openapp" time="0.002"/>
  <testcase classname="Day_34_TestNG.First_Test_Case" name="login" time="0.001"/>
</testsuite> <!-- Day_34_TestNG.First_Test_Case -->
