<?xml version="1.0" encoding="UTF-8"?>
<!-- Generated by org.testng.reporters.JUnitReportReporter -->
<testsuite hostname="DhananjayP-PC" failures="0" tests="2" name="Day_40_PageObjectModel.LoginTest" time="1.316" errors="0" timestamp="2023-11-27T10:02:43 IST" skipped="0">
  <testcase classname="Day_40_PageObjectModel.LoginTest" name="testLogo" time="0.062"/>
  <testcase classname="Day_40_PageObjectModel.LoginTest" name="testLogin" time="1.254"/>
</testsuite> <!-- Day_40_PageObjectModel.LoginTest -->
