<?xml version="1.0" encoding="UTF-8"?>
<!-- Generated by org.testng.reporters.JUnitReportReporter -->
<testsuite hostname="DhananjayP-PC" failures="0" tests="2" name="Day_36_Annotation.Allannotation" time="0.010" errors="0" timestamp="2023-11-22T21:50:15 IST" skipped="0">
  <testcase classname="Day_36_Annotation.Allannotation" name="tm1" time="0.007"/>
  <testcase classname="Day_36_Annotation.Allannotation" name="tm2" time="0.003"/>
</testsuite> <!-- Day_36_Annotation.Allannotation -->
